[2026-03-28 09:57:24] Loaded manifest: /data/Irene/SwinTransformer/Swin_Meta/outputs/manifests/master_split/master_manifest.csv
[2026-03-28 09:57:24] Model=efficientnet_b0, Modality=OCT1
[2026-03-28 09:57:24] RunTag=BS16_EP100_LR4e-05_WD0.01_DR0.2_PARTIAL_FINETUNE_FL0.113_0.887_2_WSon_1_2.8
[2026-03-28 09:57:24] EfficientNetB0 output root: /data/Irene/SwinTransformer/Swin_Meta/EffNetB0_outputs
[2026-03-28 09:57:24] Train_valid exam units=1381, Test=256
[2026-03-28 09:57:24] Unfreeze: PARTIAL_FINETUNE | frozen=[0, 1, 2, 3, 4, 5] | trainable=[6] | drop_rate=0.2
[2026-03-28 09:57:24] Fold 1: train=1041, val=340
[2026-03-28 09:59:03] Fold 2: train=1126, val=255
[2026-03-28 10:00:54] Fold 3: train=1130, val=251
[2026-03-28 10:01:28] Loaded manifest: /data/Irene/SwinTransformer/Swin_Meta/outputs/manifests/master_split/master_manifest.csv
[2026-03-28 10:01:28] Model=efficientnet_b0, Modality=OCT1
[2026-03-28 10:01:28] RunTag=BS16_EP100_LR4e-05_WD0.01_DR0.2_PARTIAL_FINETUNE_FL0.113_0.887_2_WSon_1_2.8
[2026-03-28 10:01:28] EfficientNetB0 output root: /data/Irene/SwinTransformer/Swin_Meta/EffNetB0_outputs
[2026-03-28 10:01:28] Train_valid exam units=1381, Test=256
[2026-03-28 10:01:28] Unfreeze: PARTIAL_FINETUNE | frozen=[0, 1, 2, 3, 4, 5] | trainable=[6] | drop_rate=0.2
[2026-03-28 10:01:28] Fold 1: train=1041, val=340
[2026-03-28 10:01:45] Fold 4: train=1135, val=246
[2026-03-28 10:03:37] Fold 2: train=1126, val=255
[2026-03-28 10:03:41] Fold 5: train=1092, val=289
[2026-03-28 10:04:45] Best fold=2
[2026-03-28 10:04:45] All folds OOF CSV=/data/Irene/SwinTransformer/Swin_Meta/EffNetB0_outputs/oof_predictions/efficientnet_b0/Partial_B6/OCT1/BS16_EP100_LR4e-05_WD0.01_DR0.2_PARTIAL_FINETUNE_FL0.113_0.887_2_WSon_1_2.8/all_folds_oof.csv
[2026-03-28 10:04:45] Total training time=7.35 min
