[2026-03-28 14:01:31] Loaded manifest: /data/Irene/SwinTransformer/Swin_Meta/outputs/manifests/master_split/master_manifest.csv
[2026-03-28 14:01:31] Model=efficientnet_b0, Modality=OCT1
[2026-03-28 14:01:31] RunTag=BS16_EP100_LR3e-05_WD0.01_PARTIAL_FINETUNE_DR0.2_FL0.113_0.887_2_WSon_1_2.8
[2026-03-28 14:01:31] EfficientNetB0 output root: /data/Irene/SwinTransformer/Swin_Meta/EffNetB0_outputs
[2026-03-28 14:01:31] Train_valid exam units=1381, Test=256
[2026-03-28 14:01:31] Unfreeze: PARTIAL_FINETUNE | frozen=[0, 1, 2, 3, 4] | trainable=[5, 6] | drop_rate=0.2 | head_lr=3e-05 | backbone_lr=3e-06 | strategy=Partial_B5_6
[2026-03-28 14:01:31] Fold 1: train=1041, val=340
[2026-03-28 14:02:43] Fold 2: train=1126, val=255
[2026-03-28 14:05:05] Fold 3: train=1130, val=251
[2026-03-28 14:06:06] Fold 4: train=1135, val=246
[2026-03-28 14:07:29] Fold 5: train=1092, val=289
[2026-03-28 14:08:24] Best fold=2
[2026-03-28 14:08:24] All folds OOF CSV=/data/Irene/SwinTransformer/Swin_Meta/EffNetB0_outputs/oof_predictions/efficientnet_b0/Partial_B5_6/OCT1/BS16_EP100_LR3e-05_WD0.01_PARTIAL_FINETUNE_DR0.2_FL0.113_0.887_2_WSon_1_2.8/all_folds_oof.csv
[2026-03-28 14:08:24] Total training time=6.88 min
[2026-03-28 14:39:56] Loaded manifest: /data/Irene/SwinTransformer/Swin_Meta/outputs/manifests/master_split/master_manifest.csv
[2026-03-28 14:39:56] Model=efficientnet_b0, Modality=OCT1
[2026-03-28 14:39:56] RunTag=BS16_EP100_LR3e-05_WD0.01_PARTIAL_FINETUNE_DR0.2_FL0.113_0.887_2_WSon_1_2.8
[2026-03-28 14:39:56] EfficientNetB0 output root: /data/Irene/SwinTransformer/Swin_Meta/EffNetB0_outputs
[2026-03-28 14:39:56] Train_valid exam units=1381, Test=256
[2026-03-28 14:39:56] Unfreeze: PARTIAL_FINETUNE | frozen=[0, 1, 2, 3, 4, 5] | trainable=[6] | drop_rate=0.2 | head_lr=3e-05 | backbone_lr=3e-06 | strategy=Partial_B5_6
[2026-03-28 14:39:56] Fold 1: train=1041, val=340
[2026-03-28 14:40:38] Fold 2: train=1126, val=255
[2026-03-28 14:44:50] Loaded manifest: /data/Irene/SwinTransformer/Swin_Meta/outputs/manifests/master_split/master_manifest.csv
[2026-03-28 14:44:50] Model=efficientnet_b0, Modality=OCT1
[2026-03-28 14:44:50] RunTag=BS16_EP100_LR3e-05_WD0.01_PARTIAL_FINETUNE_DR0.2_FL0.113_0.887_2_WSon_1_2.8
[2026-03-28 14:44:50] EfficientNetB0 output root: /data/Irene/SwinTransformer/Swin_Meta/EffNetB0_outputs
[2026-03-28 14:44:50] Train_valid exam units=1381, Test=256
[2026-03-28 14:44:50] Unfreeze: PARTIAL_FINETUNE | frozen=[0, 1, 2, 3, 4] | trainable=[5, 6] | drop_rate=0.2 | head_lr=3e-05 | backbone_lr=3e-06 | strategy=Partial_B5_6
[2026-03-28 14:44:50] Fold 1: train=1041, val=340
[2026-03-28 14:46:20] Fold 2: train=1126, val=255
[2026-03-28 14:48:10] Fold 3: train=1130, val=251
[2026-03-28 14:48:55] Fold 4: train=1135, val=246
[2026-03-28 14:49:47] Fold 5: train=1092, val=289
[2026-03-28 14:50:23] Best fold=2
[2026-03-28 14:50:23] All folds OOF CSV=/data/Irene/SwinTransformer/Swin_Meta/EffNetB0_outputs/oof_predictions/efficientnet_b0/Partial_B5_6/OCT1/BS16_EP100_LR3e-05_WD0.01_PARTIAL_FINETUNE_DR0.2_FL0.113_0.887_2_WSon_1_2.8/all_folds_oof.csv
[2026-03-28 14:50:23] Total training time=5.56 min
