[2026-03-28 14:01:24] Loaded manifest: /data/Irene/SwinTransformer/Swin_Meta/outputs/manifests/master_split/master_manifest.csv
[2026-03-28 14:01:24] Model=efficientnet_b0, Modality=OCT0
[2026-03-28 14:01:24] RunTag=BS16_EP100_LR3e-05_WD0.01_PARTIAL_FINETUNE_DR0.2_FL0.11_0.89_2_WSon_1_2.9
[2026-03-28 14:01:24] EfficientNetB0 output root: /data/Irene/SwinTransformer/Swin_Meta/EffNetB0_outputs
[2026-03-28 14:01:24] Train_valid exam units=1469, Test=256
[2026-03-28 14:01:24] Unfreeze: PARTIAL_FINETUNE | frozen=[0, 1, 2, 3, 4] | trainable=[5, 6] | drop_rate=0.2 | head_lr=3e-05 | backbone_lr=3e-06 | strategy=Partial_B5_6
[2026-03-28 14:01:24] Fold 1: train=1117, val=352
[2026-03-28 14:02:45] Fold 2: train=1197, val=272
[2026-03-28 14:05:25] Fold 3: train=1195, val=274
[2026-03-28 14:07:33] Fold 4: train=1187, val=282
[2026-03-28 14:08:36] Fold 5: train=1180, val=289
[2026-03-28 14:09:26] Best fold=2
[2026-03-28 14:09:26] All folds OOF CSV=/data/Irene/SwinTransformer/Swin_Meta/EffNetB0_outputs/oof_predictions/efficientnet_b0/Partial_B5_6/OCT0/BS16_EP100_LR3e-05_WD0.01_PARTIAL_FINETUNE_DR0.2_FL0.11_0.89_2_WSon_1_2.9/all_folds_oof.csv
[2026-03-28 14:09:26] Total training time=8.03 min
[2026-03-28 14:39:52] Loaded manifest: /data/Irene/SwinTransformer/Swin_Meta/outputs/manifests/master_split/master_manifest.csv
[2026-03-28 14:39:52] Model=efficientnet_b0, Modality=OCT0
[2026-03-28 14:39:52] RunTag=BS16_EP100_LR3e-05_WD0.01_PARTIAL_FINETUNE_DR0.2_FL0.11_0.89_2_WSon_1_2.9
[2026-03-28 14:39:52] EfficientNetB0 output root: /data/Irene/SwinTransformer/Swin_Meta/EffNetB0_outputs
[2026-03-28 14:39:52] Train_valid exam units=1469, Test=256
[2026-03-28 14:39:52] Unfreeze: PARTIAL_FINETUNE | frozen=[0, 1, 2, 3, 4, 5] | trainable=[6] | drop_rate=0.2 | head_lr=3e-05 | backbone_lr=3e-06 | strategy=Partial_B5_6
[2026-03-28 14:39:52] Fold 1: train=1117, val=352
[2026-03-28 14:40:44] Fold 2: train=1197, val=272
[2026-03-28 14:44:44] Loaded manifest: /data/Irene/SwinTransformer/Swin_Meta/outputs/manifests/master_split/master_manifest.csv
[2026-03-28 14:44:44] Model=efficientnet_b0, Modality=OCT0
[2026-03-28 14:44:44] RunTag=BS16_EP100_LR3e-05_WD0.01_PARTIAL_FINETUNE_DR0.2_FL0.11_0.89_2_WSon_1_2.9
[2026-03-28 14:44:44] EfficientNetB0 output root: /data/Irene/SwinTransformer/Swin_Meta/EffNetB0_outputs
[2026-03-28 14:44:44] Train_valid exam units=1469, Test=256
[2026-03-28 14:44:44] Unfreeze: PARTIAL_FINETUNE | frozen=[0, 1, 2, 3, 4] | trainable=[5, 6] | drop_rate=0.2 | head_lr=3e-05 | backbone_lr=3e-06 | strategy=Partial_B5_6
[2026-03-28 14:44:44] Fold 1: train=1117, val=352
[2026-03-28 14:46:25] Fold 2: train=1197, val=272
[2026-03-28 14:48:34] Fold 3: train=1195, val=274
[2026-03-28 14:49:57] Fold 4: train=1187, val=282
[2026-03-28 14:50:41] Fold 5: train=1180, val=289
[2026-03-28 14:51:24] Best fold=2
[2026-03-28 14:51:24] All folds OOF CSV=/data/Irene/SwinTransformer/Swin_Meta/EffNetB0_outputs/oof_predictions/efficientnet_b0/Partial_B5_6/OCT0/BS16_EP100_LR3e-05_WD0.01_PARTIAL_FINETUNE_DR0.2_FL0.11_0.89_2_WSon_1_2.9/all_folds_oof.csv
[2026-03-28 14:51:24] Total training time=6.66 min
