[2026-03-28 14:01:38] Loaded manifest: /data/Irene/SwinTransformer/Swin_Meta/outputs/manifests/master_split/master_manifest.csv
[2026-03-28 14:01:38] Model=efficientnet_b0, Modality=OCTA3
[2026-03-28 14:01:38] RunTag=BS16_EP100_LR3e-05_WD0.01_PARTIAL_FINETUNE_DR0.2_FL0.13_0.87_2_WSon_1_2.6
[2026-03-28 14:01:38] EfficientNetB0 output root: /data/Irene/SwinTransformer/Swin_Meta/EffNetB0_outputs
[2026-03-28 14:01:38] Train_valid exam units=888, Test=119
[2026-03-28 14:01:38] Unfreeze: PARTIAL_FINETUNE | frozen=[0, 1, 2, 3, 4] | trainable=[5, 6] | drop_rate=0.2 | head_lr=3e-05 | backbone_lr=3e-06 | strategy=Partial_B5_6
[2026-03-28 14:01:38] Fold 1: train=669, val=219
[2026-03-28 14:02:21] Fold 2: train=699, val=189
[2026-03-28 14:03:27] Fold 3: train=715, val=173
[2026-03-28 14:04:49] Fold 4: train=718, val=170
[2026-03-28 14:05:24] Fold 5: train=751, val=137
[2026-03-28 14:05:55] Best fold=2
[2026-03-28 14:05:55] All folds OOF CSV=/data/Irene/SwinTransformer/Swin_Meta/EffNetB0_outputs/oof_predictions/efficientnet_b0/Partial_B5_6/OCTA3/BS16_EP100_LR3e-05_WD0.01_PARTIAL_FINETUNE_DR0.2_FL0.13_0.87_2_WSon_1_2.6/all_folds_oof.csv
[2026-03-28 14:05:55] Total training time=4.28 min
[2026-03-28 14:39:59] Loaded manifest: /data/Irene/SwinTransformer/Swin_Meta/outputs/manifests/master_split/master_manifest.csv
[2026-03-28 14:39:59] Model=efficientnet_b0, Modality=OCTA3
[2026-03-28 14:39:59] RunTag=BS16_EP100_LR3e-05_WD0.01_PARTIAL_FINETUNE_DR0.2_FL0.13_0.87_2_WSon_1_2.6
[2026-03-28 14:39:59] EfficientNetB0 output root: /data/Irene/SwinTransformer/Swin_Meta/EffNetB0_outputs
[2026-03-28 14:39:59] Train_valid exam units=888, Test=119
[2026-03-28 14:39:59] Unfreeze: PARTIAL_FINETUNE | frozen=[0, 1, 2, 3, 4, 5] | trainable=[6] | drop_rate=0.2 | head_lr=3e-05 | backbone_lr=3e-06 | strategy=Partial_B5_6
[2026-03-28 14:39:59] Fold 1: train=669, val=219
[2026-03-28 14:40:37] Fold 2: train=699, val=189
[2026-03-28 14:41:07] Fold 3: train=715, val=173
[2026-03-28 14:44:55] Loaded manifest: /data/Irene/SwinTransformer/Swin_Meta/outputs/manifests/master_split/master_manifest.csv
[2026-03-28 14:44:55] Model=efficientnet_b0, Modality=OCTA3
[2026-03-28 14:44:55] RunTag=BS16_EP100_LR3e-05_WD0.01_PARTIAL_FINETUNE_DR0.2_FL0.13_0.87_2_WSon_1_2.6
[2026-03-28 14:44:55] EfficientNetB0 output root: /data/Irene/SwinTransformer/Swin_Meta/EffNetB0_outputs
[2026-03-28 14:44:55] Train_valid exam units=888, Test=119
[2026-03-28 14:44:55] Unfreeze: PARTIAL_FINETUNE | frozen=[0, 1, 2, 3, 4] | trainable=[5, 6] | drop_rate=0.2 | head_lr=3e-05 | backbone_lr=3e-06 | strategy=Partial_B5_6
[2026-03-28 14:44:55] Fold 1: train=669, val=219
[2026-03-28 14:45:59] Fold 2: train=699, val=189
[2026-03-28 14:47:05] Fold 3: train=715, val=173
[2026-03-28 14:48:08] Fold 4: train=718, val=170
[2026-03-28 14:48:36] Fold 5: train=751, val=137
[2026-03-28 14:48:51] Best fold=2
[2026-03-28 14:48:51] All folds OOF CSV=/data/Irene/SwinTransformer/Swin_Meta/EffNetB0_outputs/oof_predictions/efficientnet_b0/Partial_B5_6/OCTA3/BS16_EP100_LR3e-05_WD0.01_PARTIAL_FINETUNE_DR0.2_FL0.13_0.87_2_WSon_1_2.6/all_folds_oof.csv
[2026-03-28 14:48:51] Total training time=3.94 min
