[2026-03-17 12:20:19] ============================================================
[2026-03-17 12:20:19] STACKING META-LEARNER TRAINING  (training only)
[2026-03-17 12:20:19] ============================================================
[2026-03-17 12:20:19] model          : swin_tiny (swin_tiny)
[2026-03-17 12:20:19] meta_dataset_dir: /data/Irene/SwinTransformer/Swin_Meta/outputs/meta_dataset/swin_tiny__logit__calibTrue/OCT0_LR3e-06_OCT1_LR2e-06_OCTA3_LR2e-06
[2026-03-17 12:20:19] meta_tag       : swin_tiny__logit__calibTrue
[2026-03-17 12:20:19] lr_tag         : OCT0_LR3e-06_OCT1_LR2e-06_OCTA3_LR2e-06
[2026-03-17 12:20:19] feat_cols      : ['oct0_feat', 'oct1_feat', 'octa3_feat']
[2026-03-17 12:20:19] C_GRID         : [0.001, 0.01, 0.1, 1.0, 10.0]   cv_folds=5
[2026-03-17 12:20:19] solver         : lbfgs   class_weight=balanced   max_iter=2000
[2026-03-17 12:20:19] out_dir        : /data/Irene/SwinTransformer/Swin_Meta/outputs/meta_training/swin_tiny__logit__calibTrue/OCT0_LR3e-06_OCT1_LR2e-06_OCTA3_LR2e-06
[2026-03-17 12:20:19] ────────────────────────────────────────────────────────────
[2026-03-17 12:20:19] Step 1: Load meta-train dataset (from build_meta_dataset.py)
[2026-03-17 12:20:19] Loaded   : /data/Irene/SwinTransformer/Swin_Meta/outputs/meta_dataset/swin_tiny__logit__calibTrue/OCT0_LR3e-06_OCT1_LR2e-06_OCTA3_LR2e-06/meta_train_oof.csv
[2026-03-17 12:20:19] Samples  : total=873  active=113 (12.9%)  inactive=760 (87.1%)  ratio=6.73:1
[2026-03-17 12:20:19] Features : ['oct0_feat', 'oct1_feat', 'octa3_feat']
[2026-03-17 12:20:19] Alpha    : α_j = N/(2×N_j)  α_active=3.8628  α_inactive=0.5743  ratio=6.73x  (active upweighted)
[2026-03-17 12:20:19] ────────────────────────────────────────────────────────────
[2026-03-17 12:20:19] Step 2: Train Pipeline(StandardScaler, LogisticRegressionCV)
[2026-03-17 12:20:19] Pipeline: StandardScaler → LogisticRegressionCV(solver=lbfgs)
[2026-03-17 12:20:19]   Cs=[0.001, 0.01, 0.1, 1.0, 10.0]  cv=5(StratifiedKFold)  scoring=roc_auc  class_weight=balanced  max_iter=2000
[2026-03-17 12:20:21] Done in 1.40s  |  best C=0.1  λ=1/C=10.0000
[2026-03-17 12:20:21] C Grid CV AUC (mean ± std):  ← C selection only, NOT performance eval
[2026-03-17 12:20:21]   C=0.001     0.8863 ± 0.0512
[2026-03-17 12:20:21]   C=0.01      0.8868 ± 0.0504
[2026-03-17 12:20:21]   C=0.1       0.8873 ± 0.0491 ← BEST
[2026-03-17 12:20:21]   C=1.0       0.8869 ± 0.0491
[2026-03-17 12:20:21]   C=10.0      0.8869 ± 0.0491
[2026-03-17 12:20:21] Modality weights w (post-scaling, sorted by |w|):
[2026-03-17 12:20:21]   oct0_feat            w=+1.142272  |w|=1.142272
[2026-03-17 12:20:21]   oct1_feat            w=+0.748846  |w|=0.748846
[2026-03-17 12:20:21]   octa3_feat           w=+0.284752  |w|=0.284752
[2026-03-17 12:20:21] Intercept b = -0.894220
[2026-03-17 12:20:21] Decision: P(active) = σ(w·z + b)  where z = StandardScaler(features)
[2026-03-17 12:20:21] In-sample metrics (training data — informational only):
[2026-03-17 12:20:21]   AUC-ROC=0.8903  AUPRC=N/A(train)  Brier=0.1300  BalAcc=0.8034
[2026-03-17 12:20:21]   F1-macro=0.7158  F1-active=0.5370  Acc=0.8282
[2026-03-17 12:20:21]   Sens=0.7699  Spec=0.8368
[2026-03-17 12:20:21]   TP=87  FP=124  FN=26  TN=636
[2026-03-17 12:20:21]   [!] True performance → evaluate_meta_on_test.py (independent test set)
[2026-03-17 12:20:21] ────────────────────────────────────────────────────────────
[2026-03-17 12:20:21] Step 3: Save artefacts
[2026-03-17 12:20:21] Artefacts → /data/Irene/SwinTransformer/Swin_Meta/outputs/meta_training/swin_tiny__logit__calibTrue/OCT0_LR3e-06_OCT1_LR2e-06_OCTA3_LR2e-06
[2026-03-17 12:20:21]   meta_lr_model.pkl
[2026-03-17 12:20:21]   meta_lr_config.json
[2026-03-17 12:20:21]   meta_lr_results.json
[2026-03-17 12:20:21]   meta_lr_cv_results.csv
[2026-03-17 12:20:21]   meta_lr_coef.csv
[2026-03-17 12:20:21]   meta_lr_training_report.txt
[2026-03-17 12:20:21]   validation_curve.png
[2026-03-17 12:20:21]   modality_importance.png
[2026-03-17 12:20:21] ============================================================
[2026-03-17 12:20:21] TRAINING COMPLETE
[2026-03-17 12:20:21]   Best C         : 0.1  (λ=10.0000)
[2026-03-17 12:20:21]   Weights        : oct0_feat=+1.1423  oct1_feat=+0.7488  octa3_feat=+0.2848
[2026-03-17 12:20:21]   Intercept b    : -0.8942
[2026-03-17 12:20:21]   In-sample AUC  : 0.8903  (training data only)
[2026-03-17 12:20:21]   In-sample Brier: 0.1300  (baseline for TS comparison)
[2026-03-17 12:20:21]   model saved    : /data/Irene/SwinTransformer/Swin_Meta/outputs/meta_training/swin_tiny__logit__calibTrue/OCT0_LR3e-06_OCT1_LR2e-06_OCTA3_LR2e-06/meta_lr_model.pkl
[2026-03-17 12:20:21]   → evaluate_meta_on_test.py for test-set evaluation
[2026-03-17 12:20:21] ============================================================
[2026-03-17 15:15:24] ============================================================
[2026-03-17 15:15:24] STACKING META-LEARNER TRAINING  (training only)
[2026-03-17 15:15:24] ============================================================
[2026-03-17 15:15:24] model          : swin_tiny (swin_tiny)
[2026-03-17 15:15:24] meta_dataset_dir: /data/Irene/SwinTransformer/Swin_Meta/outputs/meta_dataset/swin_tiny__logit__calibTrue/OCT0_LR3e-06_OCT1_LR2e-06_OCTA3_LR2e-06
[2026-03-17 15:15:24] meta_tag       : swin_tiny__logit__calibTrue
[2026-03-17 15:15:24] lr_tag         : OCT0_LR3e-06_OCT1_LR2e-06_OCTA3_LR2e-06
[2026-03-17 15:15:24] feat_cols      : ['oct0_feat', 'oct1_feat', 'octa3_feat']
[2026-03-17 15:15:24] C_GRID         : [0.001, 0.01, 0.1, 1.0, 10.0]   cv_folds=5
[2026-03-17 15:15:24] solver         : lbfgs   class_weight=balanced   max_iter=2000
[2026-03-17 15:15:24] out_dir        : /data/Irene/SwinTransformer/Swin_Meta/outputs/meta_training/swin_tiny__logit__calibTrue/OCT0_LR3e-06_OCT1_LR2e-06_OCTA3_LR2e-06
[2026-03-17 15:15:24] ────────────────────────────────────────────────────────────
[2026-03-17 15:15:24] Step 1: Load meta-train dataset (from build_meta_dataset.py)
[2026-03-17 15:15:24] Loaded   : /data/Irene/SwinTransformer/Swin_Meta/outputs/meta_dataset/swin_tiny__logit__calibTrue/OCT0_LR3e-06_OCT1_LR2e-06_OCTA3_LR2e-06/meta_train_oof.csv
[2026-03-17 15:15:24] Samples  : total=873  active=113 (12.9%)  inactive=760 (87.1%)  ratio=6.73:1
[2026-03-17 15:15:24] Features : ['oct0_feat', 'oct1_feat', 'octa3_feat']
[2026-03-17 15:15:24] Alpha    : α_j = N/(2×N_j)  α_active=3.8628  α_inactive=0.5743  ratio=6.73x  (active upweighted)
[2026-03-17 15:15:24] ────────────────────────────────────────────────────────────
[2026-03-17 15:15:24] Step 2: Train Pipeline(StandardScaler, LogisticRegressionCV)
[2026-03-17 15:15:24] Pipeline: StandardScaler → LogisticRegressionCV(solver=lbfgs)
[2026-03-17 15:15:24]   Cs=[0.001, 0.01, 0.1, 1.0, 10.0]  cv=5(StratifiedKFold)  scoring=roc_auc  class_weight=balanced  max_iter=2000
[2026-03-17 15:15:25] Done in 1.44s  |  best C=0.1  λ=1/C=10.0000
[2026-03-17 15:15:25] C Grid CV AUC (mean ± std):  ← C selection only, NOT performance eval
[2026-03-17 15:15:25]   C=0.001     0.8863 ± 0.0512
[2026-03-17 15:15:25]   C=0.01      0.8868 ± 0.0504
[2026-03-17 15:15:25]   C=0.1       0.8873 ± 0.0491 ← BEST
[2026-03-17 15:15:25]   C=1.0       0.8869 ± 0.0491
[2026-03-17 15:15:25]   C=10.0      0.8869 ± 0.0491
[2026-03-17 15:15:25] Modality weights w (post-scaling, sorted by |w|):
[2026-03-17 15:15:25]   oct0_feat            w=+1.142272  |w|=1.142272
[2026-03-17 15:15:25]   oct1_feat            w=+0.748846  |w|=0.748846
[2026-03-17 15:15:25]   octa3_feat           w=+0.284752  |w|=0.284752
[2026-03-17 15:15:25] Intercept b = -0.894220
[2026-03-17 15:15:25] Decision: P(active) = σ(w·z + b)  where z = StandardScaler(features)
[2026-03-17 15:15:25] In-sample metrics (training data — informational only):
[2026-03-17 15:15:25]   AUC-ROC=0.8903  AUPRC=N/A(train)  Brier=0.1300  BalAcc=0.8034
[2026-03-17 15:15:25]   F1-macro=0.7158  F1-active=0.5370  Acc=0.8282
[2026-03-17 15:15:25]   Sens=0.7699  Spec=0.8368
[2026-03-17 15:15:25]   TP=87  FP=124  FN=26  TN=636
[2026-03-17 15:15:25]   [!] True performance → evaluate_meta_on_test.py (independent test set)
[2026-03-17 15:15:25] ────────────────────────────────────────────────────────────
[2026-03-17 15:15:25] Step 3: Save artefacts
[2026-03-17 15:15:26] Artefacts → /data/Irene/SwinTransformer/Swin_Meta/outputs/meta_training/swin_tiny__logit__calibTrue/OCT0_LR3e-06_OCT1_LR2e-06_OCTA3_LR2e-06
[2026-03-17 15:15:26]   meta_lr_model.pkl
[2026-03-17 15:15:26]   meta_lr_config.json
[2026-03-17 15:15:26]   meta_lr_results.json
[2026-03-17 15:15:26]   meta_lr_cv_results.csv
[2026-03-17 15:15:26]   meta_lr_coef.csv
[2026-03-17 15:15:26]   meta_lr_training_report.txt
[2026-03-17 15:15:26]   validation_curve.png
[2026-03-17 15:15:26]   modality_importance.png
[2026-03-17 15:15:26] ============================================================
[2026-03-17 15:15:26] TRAINING COMPLETE
[2026-03-17 15:15:26]   Best C         : 0.1  (λ=10.0000)
[2026-03-17 15:15:26]   Weights        : oct0_feat=+1.1423  oct1_feat=+0.7488  octa3_feat=+0.2848
[2026-03-17 15:15:26]   Intercept b    : -0.8942
[2026-03-17 15:15:26]   In-sample AUC  : 0.8903  (training data only)
[2026-03-17 15:15:26]   In-sample Brier: 0.1300  (baseline for TS comparison)
[2026-03-17 15:15:26]   model saved    : /data/Irene/SwinTransformer/Swin_Meta/outputs/meta_training/swin_tiny__logit__calibTrue/OCT0_LR3e-06_OCT1_LR2e-06_OCTA3_LR2e-06/meta_lr_model.pkl
[2026-03-17 15:15:26]   → evaluate_meta_on_test.py for test-set evaluation
[2026-03-17 15:15:26] ============================================================
[2026-03-17 15:16:13] ============================================================
[2026-03-17 15:16:13] STACKING META-LEARNER TRAINING  (training only)
[2026-03-17 15:16:13] ============================================================
[2026-03-17 15:16:13] model          : swin_tiny (swin_tiny)
[2026-03-17 15:16:13] meta_dataset_dir: /data/Irene/SwinTransformer/Swin_Meta/outputs/meta_dataset/swin_tiny__logit__calibTrue/OCT0_LR3e-06_OCT1_LR2e-06_OCTA3_LR2e-06
[2026-03-17 15:16:13] meta_tag       : swin_tiny__logit__calibTrue
[2026-03-17 15:16:13] lr_tag         : OCT0_LR3e-06_OCT1_LR2e-06_OCTA3_LR2e-06
[2026-03-17 15:16:13] feat_cols      : ['oct0_feat', 'oct1_feat', 'octa3_feat']
[2026-03-17 15:16:13] C_GRID         : [0.001, 0.01, 0.1, 1.0, 10.0]   cv_folds=5
[2026-03-17 15:16:13] solver         : lbfgs   class_weight=balanced   max_iter=2000
[2026-03-17 15:16:13] out_dir        : /data/Irene/SwinTransformer/Swin_Meta/outputs/meta_training/swin_tiny__logit__calibTrue/OCT0_LR3e-06_OCT1_LR2e-06_OCTA3_LR2e-06
[2026-03-17 15:16:13] ────────────────────────────────────────────────────────────
[2026-03-17 15:16:13] Step 1: Load meta-train dataset (from build_meta_dataset.py)
[2026-03-17 15:16:13] Loaded   : /data/Irene/SwinTransformer/Swin_Meta/outputs/meta_dataset/swin_tiny__logit__calibTrue/OCT0_LR3e-06_OCT1_LR2e-06_OCTA3_LR2e-06/meta_train_oof.csv
[2026-03-17 15:16:13] Samples  : total=873  active=113 (12.9%)  inactive=760 (87.1%)  ratio=6.73:1
[2026-03-17 15:16:13] Features : ['oct0_feat', 'oct1_feat', 'octa3_feat']
[2026-03-17 15:16:13] Alpha    : α_j = N/(2×N_j)  α_active=3.8628  α_inactive=0.5743  ratio=6.73x  (active upweighted)
[2026-03-17 15:16:13] ────────────────────────────────────────────────────────────
[2026-03-17 15:16:13] Step 2: Train Pipeline(StandardScaler, LogisticRegressionCV)
[2026-03-17 15:16:13] Pipeline: StandardScaler → LogisticRegressionCV(solver=lbfgs)
[2026-03-17 15:16:13]   Cs=[0.001, 0.01, 0.1, 1.0, 10.0]  cv=5(StratifiedKFold)  scoring=roc_auc  class_weight=balanced  max_iter=2000
[2026-03-17 15:16:14] Done in 1.42s  |  best C=0.1  λ=1/C=10.0000
[2026-03-17 15:16:14] C Grid CV AUC (mean ± std):  ← C selection only, NOT performance eval
[2026-03-17 15:16:14]   C=0.001     0.8863 ± 0.0512
[2026-03-17 15:16:14]   C=0.01      0.8868 ± 0.0504
[2026-03-17 15:16:14]   C=0.1       0.8873 ± 0.0491 ← BEST
[2026-03-17 15:16:14]   C=1.0       0.8869 ± 0.0491
[2026-03-17 15:16:14]   C=10.0      0.8869 ± 0.0491
[2026-03-17 15:16:14] Modality weights w (post-scaling, sorted by |w|):
[2026-03-17 15:16:14]   oct0_feat            w=+1.142272  |w|=1.142272
[2026-03-17 15:16:14]   oct1_feat            w=+0.748846  |w|=0.748846
[2026-03-17 15:16:14]   octa3_feat           w=+0.284752  |w|=0.284752
[2026-03-17 15:16:14] Intercept b = -0.894220
[2026-03-17 15:16:14] Decision: P(active) = σ(w·z + b)  where z = StandardScaler(features)
[2026-03-17 15:16:14] In-sample metrics (training data — informational only):
[2026-03-17 15:16:14]   AUC-ROC=0.8903  AUPRC=N/A(train)  Brier=0.1300  BalAcc=0.8034
[2026-03-17 15:16:14]   F1-macro=0.7158  F1-active=0.5370  Acc=0.8282
[2026-03-17 15:16:14]   Sens=0.7699  Spec=0.8368
[2026-03-17 15:16:14]   TP=87  FP=124  FN=26  TN=636
[2026-03-17 15:16:14]   [!] True performance → evaluate_meta_on_test.py (independent test set)
[2026-03-17 15:16:14] ────────────────────────────────────────────────────────────
[2026-03-17 15:16:14] Step 3: Save artefacts
[2026-03-17 15:16:15] Artefacts → /data/Irene/SwinTransformer/Swin_Meta/outputs/meta_training/swin_tiny__logit__calibTrue/OCT0_LR3e-06_OCT1_LR2e-06_OCTA3_LR2e-06
[2026-03-17 15:16:15]   meta_lr_model.pkl
[2026-03-17 15:16:15]   meta_lr_config.json
[2026-03-17 15:16:15]   meta_lr_results.json
[2026-03-17 15:16:15]   meta_lr_cv_results.csv
[2026-03-17 15:16:15]   meta_lr_coef.csv
[2026-03-17 15:16:15]   meta_lr_training_report.txt
[2026-03-17 15:16:15]   validation_curve.png
[2026-03-17 15:16:15]   modality_importance.png
[2026-03-17 15:16:15] ============================================================
[2026-03-17 15:16:15] TRAINING COMPLETE
[2026-03-17 15:16:15]   Best C         : 0.1  (λ=10.0000)
[2026-03-17 15:16:15]   Weights        : oct0_feat=+1.1423  oct1_feat=+0.7488  octa3_feat=+0.2848
[2026-03-17 15:16:15]   Intercept b    : -0.8942
[2026-03-17 15:16:15]   In-sample AUC  : 0.8903  (training data only)
[2026-03-17 15:16:15]   In-sample Brier: 0.1300  (baseline for TS comparison)
[2026-03-17 15:16:15]   model saved    : /data/Irene/SwinTransformer/Swin_Meta/outputs/meta_training/swin_tiny__logit__calibTrue/OCT0_LR3e-06_OCT1_LR2e-06_OCTA3_LR2e-06/meta_lr_model.pkl
[2026-03-17 15:16:15]   → evaluate_meta_on_test.py for test-set evaluation
[2026-03-17 15:16:15] ============================================================
